\BOOKMARK [1][-]{section.1}{\376\377\000I\000n\000t\000r\000o\000d\000u\000c\000t\000i\000o\000n}{}% 1
\BOOKMARK [2][-]{subsection.1.1}{\376\377\000O\000v\000e\000r\000v\000i\000e\000w}{section.1}% 2
\BOOKMARK [2][-]{subsection.1.2}{\376\377\000O\000b\000j\000e\000c\000t\000i\000v\000e\000s}{section.1}% 3
\BOOKMARK [2][-]{subsection.1.3}{\376\377\000S\000c\000o\000p\000e}{section.1}% 4
\BOOKMARK [1][-]{section.2}{\376\377\000M\000e\000t\000h\000o\000d\000o\000l\000o\000g\000y}{}% 5
\BOOKMARK [2][-]{subsection.2.1}{\376\377\000A\000r\000c\000h\000i\000t\000e\000c\000t\000u\000r\000e}{section.2}% 6
\BOOKMARK [2][-]{subsection.2.2}{\376\377\000F\000u\000n\000c\000t\000i\000o\000n\000a\000l\000i\000t\000i\000e\000s\000\040\000o\000f\000\040\000N\000o\000d\000e\000M\000C\000U}{section.2}% 7
\BOOKMARK [3][-]{subsubsection.2.2.1}{\376\377\000H\000o\000s\000t\000i\000n\000g\000\040\000W\000e\000b\000\040\000I\000n\000t\000e\000r\000f\000a\000c\000e\000\040\000f\000o\000r\000\040\000U\000s\000e\000r}{subsection.2.2}% 8
\BOOKMARK [3][-]{subsubsection.2.2.2}{\376\377\000A\000u\000t\000h\000e\000n\000t\000i\000c\000a\000t\000i\000o\000n\000\040\000a\000n\000d\000\040\000a\000u\000t\000h\000o\000r\000i\000z\000a\000t\000i\000o\000n\000\040\000f\000l\000o\000w}{subsection.2.2}% 9
\BOOKMARK [3][-]{subsubsection.2.2.3}{\376\377\000S\000e\000t\000t\000i\000n\000g\000\040\000u\000p\000\040\000t\000h\000e\000\040\000M\000Q\000T\000T\000\040\000B\000r\000o\000k\000e\000r}{subsection.2.2}% 10
\BOOKMARK [3][-]{subsubsection.2.2.4}{\376\377\000D\000e\000c\000o\000d\000i\000n\000g\000\040\000c\000o\000m\000p\000a\000c\000t\000\040\000r\000e\000c\000e\000i\000v\000e\000d\000\040\000d\000a\000t\000a}{subsection.2.2}% 11
\BOOKMARK [3][-]{subsubsection.2.2.5}{\376\377\000S\000e\000n\000s\000i\000n\000g\000\040\000a\000l\000e\000r\000t\000s\000\040\000a\000n\000d\000\040\000n\000o\000t\000i\000f\000y\000i\000n\000g\000\040\000t\000h\000e\000\040\000u\000s\000e\000r}{subsection.2.2}% 12
\BOOKMARK [3][-]{subsubsection.2.2.6}{\376\377\000S\000u\000p\000p\000o\000r\000t\000i\000n\000g\000\040\000t\000h\000e\000\040\000L\000C\000D\000\040\0001\0006\000x\0002\000\040\000d\000i\000s\000p\000l\000a\000y}{subsection.2.2}% 13
\BOOKMARK [3][-]{subsubsection.2.2.7}{\376\377\000S\000l\000e\000e\000p\000\040\000f\000u\000n\000c\000t\000i\000o\000n\000\040\000o\000f\000\040\000t\000h\000e\000\040\000N\000o\000d\000e\000M\000C\000U}{subsection.2.2}% 14
\BOOKMARK [2][-]{subsection.2.3}{\376\377\000F\000u\000n\000c\000t\000i\000o\000n\000a\000l\000i\000t\000i\000e\000s\000\040\000o\000f\000\040\000t\000h\000e\000\040\000N\000o\000d\000e\000-\000R\000E\000D\000\040\000A\000p\000p\000l\000i\000c\000a\000t\000i\000o\000n}{section.2}% 15
\BOOKMARK [3][-]{subsubsection.2.3.1}{\376\377\000E\000x\000t\000r\000a\000c\000t\000i\000n\000g\000\040\000D\000a\000t\000a\000\040\000f\000r\000o\000m\000\040\000t\000h\000e\000\040\000E\000x\000c\000h\000a\000n\000g\000e\000\040\000R\000a\000t\000e\000\040\000A\000P\000I}{subsection.2.3}% 16
\BOOKMARK [3][-]{subsubsection.2.3.2}{\376\377\000I\000n\000t\000e\000g\000r\000a\000t\000i\000n\000g\000\040\000F\000i\000r\000e\000b\000a\000s\000e}{subsection.2.3}% 17
\BOOKMARK [3][-]{subsubsection.2.3.3}{\376\377\000O\000b\000t\000a\000i\000n\000i\000n\000g\000\040\000t\000e\000c\000h\000n\000i\000c\000a\000l\000\040\000a\000n\000a\000l\000y\000s\000i\000s\000\040\000c\000h\000a\000r\000t\000s\000\040\000f\000r\000o\000m\000\040\000p\000r\000i\000c\000e\000s}{subsection.2.3}% 18
\BOOKMARK [3][-]{subsubsection.2.3.4}{\376\377\000C\000r\000e\000a\000t\000i\000n\000g\000\040\000t\000h\000e\000\040\000N\000o\000d\000e\000-\000R\000E\000D\000\040\000d\000a\000s\000h\000b\000o\000a\000r\000d}{subsection.2.3}% 19
\BOOKMARK [1][-]{section.3}{\376\377\000R\000e\000s\000u\000l\000t\000s\000\040\000a\000n\000d\000\040\000D\000i\000s\000c\000u\000s\000s\000i\000o\000n}{}% 20
\BOOKMARK [1][-]{section.4}{\376\377\000C\000o\000n\000c\000l\000u\000s\000i\000o\000n}{}% 21
\BOOKMARK [1][-]{section.5}{\376\377\000A\000n\000n\000e\000x\000e\000s}{}% 22
